Log created: 2016-09-08T14:04:08.488877000Z
Executable: /usr/lib/virtualbox/VirtualBox
Arg[0]: /usr/lib/virtualbox/VirtualBox
Arg[1]: --startvm
Arg[2]: Q
Arg[3]: --debug
fatal error in recompiler cpu: Trying to execute code with memory type addr_code=00000000f000f020 addend=00007fd21a810000 at 00000000f000ff53. (iHandlerMemType=0x38 iMMIOMemType=0x30)

!!!!!!!!!!!!!!!!!!!!!!!!!!!!!!!!!!!!!!!!!!!!!!!!!!!!!!!!!!!!!!!!!!!!!!
!!
!!                 Guru Meditation -2301 (VERR_REM_VIRTUAL_CPU_ERROR)
!!
!!
!! {mappings, <NULL>}
!!

The mappings are DISABLED.
00000000ff400000 - 00000000ffbfffff  Hypervisor Memory Area
!!
!! {hma, <NULL>}
!!
Hypervisor Memory Area (HMA) Layout: Base 00000000ff400000, 0x00800000 bytes
00000000ffa1e000-00000000ffa1f000                                   DYNAMIC                  fence
00000000ffa0e000-00000000ffa1e000                                   DYNAMIC                  Dynamic mapping
00000000ffa0d000-00000000ffa0e000                                   DYNAMIC                  fence
00000000ff9ed000-00000000ffa0d000 00007fd309b2c000 00007fd309b2c000 LOCKED                   alloc once (PDM_DEVICE_USER)
00000000ff96d000-00000000ff9ed000                                   MMIO2   0000000000000000 VGA VRam
00000000ff96c000-00000000ff96d000                                   DYNAMIC                  fence
00000000ff958000-00000000ff96c000 00007fd33eb18000 00007fd33eb18000 LOCKED                   alloc once (PDM_DEVICE)
00000000ff957000-00000000ff958000                                   DYNAMIC                  fence
00000000ff956000-00000000ff957000 00007fd33ebdd000 ffffc90000bef000 HCPHYS  00000000767d8000 Core Code
00000000ff955000-00000000ff956000                                   DYNAMIC                  fence
00000000ff954000-00000000ff955000 00007fd33ed0d000 0000000000000000 HCPHYS  00000000add6b000 GIP
00000000ff953000-00000000ff954000                                   DYNAMIC                  fence
00000000ff552000-00000000ff953000 00007fd30b37e000 00007fd30b37e000 LOCKED                   alloc once (PGM_PHYS)
00000000ff551000-00000000ff552000                                   DYNAMIC                  fence
00000000ff52c000-00000000ff551000 00007fd318dfb000 00007fd318dfb000 LOCKED                   alloc once (PGM_POOL)
00000000ff52b000-00000000ff52c000                                   DYNAMIC                  fence
00000000ff526000-00000000ff52b000                                   DYNAMIC                  CR3 mapping
00000000ff525000-00000000ff526000                                   DYNAMIC                  fence
00000000ff524000-00000000ff525000 00007fd33ebde000 ffffc900007ef000 LOCKED                   alloc once (CPUM_CTX)
00000000ff523000-00000000ff524000                                   DYNAMIC                  fence
00000000ff423000-00000000ff523000 00007fd318ec0000 00007fd318ec0000 LOCKED                   Heap
00000000ff422000-00000000ff423000                                   DYNAMIC                  fence
00000000ff401000-00000000ff422000 00007fd319a68000 ffffc90000ef1000 LOCKED                   VM
00000000ff400000-00000000ff401000                                   DYNAMIC                  fence
!!
!! {cpumguest, verbose}
!!
Guest CPUM (VCPU 0) state: 
eax=f000ff53 ebx=f000ff53 ecx=f000ff53 edx=f000ff53 esi=00200016 edi=00000010
eip=f000ff53 esp=00000014 ebp=00000018 iopl=0      rf nv up di pl zr na pe nc
cs={0008 base=0000000000000000 limit=ffffffff flags=0000c09b} dr0=00000000 dr1=00000000
ds={0018 base=0000000000000000 limit=ffffffff flags=0000c093} dr2=00000000 dr3=00000000
es={0018 base=0000000000000000 limit=ffffffff flags=0000c093} dr4=00000000 dr5=00000000
fs={0018 base=0000000000000000 limit=ffffffff flags=0000c093} dr6=ffff0ff0 dr7=00000400
gs={0018 base=0000000000000000 limit=ffffffff flags=0000c093} cr0=00000011 cr2=00000000
ss={0018 base=0000000000000000 limit=ffffffff flags=0000c093} cr3=00000000 cr4=00000000
gdtr=0000000000106160:0018  idtr=0000000000106180:0800  eflags=00210002
ldtr={0000 base=00000000 limit=0000ffff flags=00000082}
tr  ={0000 base=00000000 limit=0000ffff flags=0000008b}
SysEnter={cs=0000 eip=00000000 esp=00000000}
xcr=0000000000000001 xcr1=0000000000000000 xss=0000000000000000 (fXStateMask=0000000000000000)
FCW=037f FSW=0000 FTW=0000 FOP=0000 MXCSR=00001f80 MXCSR_MASK=0000ffff
FPUIP=00000000 CS=0000 Rsrvd1=0000  FPUDP=00000000 DS=0000 Rsvrd2=0000
ST(0)=FPR0={0000'00000000'00000000} t0 +0.0000000000000000000000 ^ 0 (*)
ST(1)=FPR1={0000'00000000'00000000} t0 +0.0000000000000000000000 ^ 0 (*)
ST(2)=FPR2={0000'00000000'00000000} t0 +0.0000000000000000000000 ^ 0 (*)
ST(3)=FPR3={0000'00000000'00000000} t0 +0.0000000000000000000000 ^ 0 (*)
ST(4)=FPR4={0000'00000000'00000000} t0 +0.0000000000000000000000 ^ 0 (*)
ST(5)=FPR5={0000'00000000'00000000} t0 +0.0000000000000000000000 ^ 0 (*)
ST(6)=FPR6={0000'00000000'00000000} t0 +0.0000000000000000000000 ^ 0 (*)
ST(7)=FPR7={0000'00000000'00000000} t0 +0.0000000000000000000000 ^ 0 (*)
XMM0 =00000000'00000000'00000000'00000000  XMM1 =00000000'00000000'00000000'00000000
XMM2 =00000000'00000000'00000000'00000000  XMM3 =00000000'00000000'00000000'00000000
XMM4 =00000000'00000000'00000000'00000000  XMM5 =00000000'00000000'00000000'00000000
XMM6 =00000000'00000000'00000000'00000000  XMM7 =00000000'00000000'00000000'00000000
XMM8 =00000000'00000000'00000000'00000000  XMM9 =00000000'00000000'00000000'00000000
XMM10=00000000'00000000'00000000'00000000  XMM11=00000000'00000000'00000000'00000000
XMM12=00000000'00000000'00000000'00000000  XMM13=00000000'00000000'00000000'00000000
XMM14=00000000'00000000'00000000'00000000  XMM15=00000000'00000000'00000000'00000000
EFER         =0000000000000000
PAT          =0007040600070406
STAR         =0000000000000000
CSTAR        =0000000000000000
LSTAR        =0000000000000000
SFMASK       =0000000000000000
KERNELGSBASE =0000000000000000
!!
!! {cpumguestinstr, verbose}
!!

CPUM: Disas -> VERR_PGM_INVALID_GC_PHYSICAL_ADDRESS


!!
!! {cpumhyper, verbose}
!!
Hypervisor CPUM state: 
.eax=00000000 .ebx=00000000 .ecx=00000000 .edx=00000000 .esi=00000000 .edi=00000000
.eip=00000000 .esp=ff521000 .ebp=00000000 .iopl=0           nv up di pl zr na pe nc
.cs={0000 base=0000000000000000 limit=00000000 flags=00000000} .dr0=00000000 .dr1=00000000
.ds={0000 base=0000000000000000 limit=00000000 flags=00000000} .dr2=00000000 .dr3=00000000
.es={0000 base=0000000000000000 limit=00000000 flags=00000000} .dr4=00000000 .dr5=00000000
.fs={0000 base=0000000000000000 limit=00000000 flags=00000000} .dr6=00000000 .dr7=00000400
.gs={0000 base=0000000000000000 limit=00000000 flags=00000000} .cr0=00000000 .cr2=00000000
.ss={0000 base=0000000000000000 limit=00000000 flags=00000000} .cr3=00000000 .cr4=00000000
.gdtr=0000000000000000:0000  .idtr=0000000000000000:0000  .eflags=00000000
.ldtr={0000 base=00000000 limit=00000000 flags=00000000}
.tr  ={0000 base=00000000 limit=00000000 flags=00000000}
.SysEnter={cs=0000 eip=00000000 esp=00000000}
.xcr=0000000000000000 .xcr1=0000000000000000 .xss=0000000000000000 (fXStateMask=0000000000000000)
.FCW=0000 .FSW=0000 .FTW=0000 .FOP=0000 .MXCSR=00000000 .MXCSR_MASK=00000000
.FPUIP=00000000 .CS=0000 .Rsrvd1=0000  .FPUDP=00000000 .DS=0000 .Rsvrd2=0000
.ST(0)=.FPR0={0000'00000000'00000000} t0 +0.0000000000000000000000 ^ 0 (*)
.ST(1)=.FPR1={0000'00000000'00000000} t0 +0.0000000000000000000000 ^ 0 (*)
.ST(2)=.FPR2={0000'00000000'00000000} t0 +0.0000000000000000000000 ^ 0 (*)
.ST(3)=.FPR3={0000'00000000'00000000} t0 +0.0000000000000000000000 ^ 0 (*)
.ST(4)=.FPR4={0000'00000000'00000000} t0 +0.0000000000000000000000 ^ 0 (*)
.ST(5)=.FPR5={0000'00000000'00000000} t0 +0.0000000000000000000000 ^ 0 (*)
.ST(6)=.FPR6={0000'00000000'00000000} t0 +0.0000000000000000000000 ^ 0 (*)
.ST(7)=.FPR7={0000'00000000'00000000} t0 +0.0000000000000000000000 ^ 0 (*)
.XMM0 =00000000'00000000'00000000'00000000  .XMM1 =00000000'00000000'00000000'00000000
.XMM2 =00000000'00000000'00000000'00000000  .XMM3 =00000000'00000000'00000000'00000000
.XMM4 =00000000'00000000'00000000'00000000  .XMM5 =00000000'00000000'00000000'00000000
.XMM6 =00000000'00000000'00000000'00000000  .XMM7 =00000000'00000000'00000000'00000000
.XMM8 =00000000'00000000'00000000'00000000  .XMM9 =00000000'00000000'00000000'00000000
.XMM10=00000000'00000000'00000000'00000000  .XMM11=00000000'00000000'00000000'00000000
.XMM12=00000000'00000000'00000000'00000000  .XMM13=00000000'00000000'00000000'00000000
.XMM14=00000000'00000000'00000000'00000000  .XMM15=00000000'00000000'00000000'00000000
.EFER         =0000000000000000
.PAT          =0000000000000000
.STAR         =0000000000000000
.CSTAR        =0000000000000000
.LSTAR        =0000000000000000
.SFMASK       =0000000000000000
.KERNELGSBASE =0000000000000000
CR4OrMask=0x204 CR4AndMask=0x403
!!
!! {cpumhost, verbose}
!!
Host CPUM state: 
rax=xxxxxxxxxxxxxxxx rbx=0000000000000000 rcx=xxxxxxxxxxxxxxxx
rdx=xxxxxxxxxxxxxxxx rsi=0000000000000000 rdi=0000000000000000
rip=xxxxxxxxxxxxxxxx rsp=0000000000000000 rbp=0000000000000000
 r8=xxxxxxxxxxxxxxxx  r9=xxxxxxxxxxxxxxxx r10=0000000000000000
r11=0000000000000000 r12=0000000000000000 r13=0000000000000000
r14=0000000000000000 r15=0000000000000000
iopl=0          nv up di pl zr na pe nc
cs=0000  ds=0000  es=0000  fs=0000  gs=0000                   eflags=00000000
cr0=0000000000000000 cr2=xxxxxxxxxxxxxxxx cr3=0000000000000000
cr4=0000000000000000 ldtr=0000 tr=0000
dr[0]=0000000000000000 dr[1]=0000000000000000 dr[2]=0000000000000000
dr[3]=0000000000000000 dr[6]=0000000000000000 dr[7]=0000000000000000
gdtr=0000000000000000:0000  idtr=0000000000000000:0000
SysEnter={cs=0000 eip=00000000 esp=00000000}
FSbase=0000000000000000 GSbase=0000000000000000 efer=00000000
!!
!! {mode, all}
!!
Guest paging mode:  Protected (changed 310 times), A20 enabled (changed 2 times)
Shadow paging mode: EPT
Host paging mode:   AMD64+G+NX
!!
!! {cpuid, verbose}
!!
         Raw Standard CPUID Leaves
     Leaf/sub-leaf  eax      ebx      ecx      edx
Gst: 00000000/0000  0000000b 756e6547 6c65746e 49656e69
Hst:                0000000b 756e6547 6c65746e 49656e69
Gst: 00000001/0000  00020652 00000800 0298220b 078bfbbf
Hst:                00020652 00100800 0298e3ff bfebfbff
Gst: 00000002/0000  55035a01 00f0b2dd 00000000 09ca212c
Hst:                55035a01 00f0b2dd 00000000 09ca212c
Gst: 00000003/0000  00000000 00000000 00000000 00000000
Hst:                00000000 00000000 00000000 00000000
Gst: 00000004/0000  00000121 01c0003f 0000003f 00000000
Hst:                1c004121 01c0003f 0000003f 00000000
Gst: 00000004/0001  00000122 00c0003f 0000007f 00000000
Hst:                1c004122 00c0003f 0000007f 00000000
Gst: 00000004/0002  00000143 01c0003f 000001ff 00000000
Hst:                1c004143 01c0003f 000001ff 00000000
Gst: 00000004/0003  00000163 02c0003f 00000fff 00000002
Hst:                1c03c163 02c0003f 00000fff 00000002
Gst: 00000004/0004  00000000 00000000 00000000 00000000
Hst:                00000000 00000000 00000000 00000000
Gst: 00000005/0000  00000040 00000040 00000000 00000000
Hst:                00000040 00000040 00000003 00001120
Gst: 00000006/0000  00000000 00000000 00000000 00000000
Hst:                00000007 00000002 00000001 00000000
Gst: 00000007/0000  00000000 00000000 00000000 00000000
Hst:                00000000 00000000 00000000 00000000
Gst: 00000008/0000  00000000 00000000 00000000 00000000
Hst:                00000000 00000000 00000000 00000000
Gst: 00000009/0000  00000000 00000000 00000000 00000000
Hst:                00000000 00000000 00000000 00000000
Gst: 0000000a/0000  00000000 00000000 00000000 00000000
Hst:                07300403 00000004 00000000 00000603
Gst: 0000000b/0000  00000000 00000001 00000100 00000000
Hst:                00000001 00000002 00000100 00000000
Gst: 0000000b/0001  00000001 00000001 00000201 00000000
Hst:                00000004 00000004 00000201 00000000
Gst: 0000000b/0002  00000000 00000000 00000002 00000000
Hst:                00000000 00000000 00000002 00000000
                               Name: GenuineIntel
                           Supports: 0x00000000-0x0000000b
                             Family:  6 	Extended: 0 	Effective: 6
                              Model:  5 	Extended: 2 	Effective: 37
                           Stepping: 2
                               Type: 0 (primary)
                            APIC ID: 0x00
                       Logical CPUs: 0
                       CLFLUSH Size: 8
                           Brand ID: 0x00
Features
  Mnemonic - Description                                  = guest (host)
  FPU - x87 FPU on Chip                                   = 1 (1)
  VME - Virtual 8086 Mode Enhancements                    = 1 (1)
  DE - Debugging extensions                               = 1 (1)
  PSE - Page Size Extension                               = 1 (1)
  TSC - Time Stamp Counter                                = 1 (1)
  MSR - Model Specific Registers                          = 1 (1)
  PAE - Physical Address Extension                        = 0 (1)
  MCE - Machine Check Exception                           = 1 (1)
  CX8 - CMPXCHG8B instruction                             = 1 (1)
  APIC - APIC On-Chip                                     = 1 (1)
  SEP - SYSENTER and SYSEXIT Present                      = 1 (1)
  MTRR - Memory Type Range Registers                      = 1 (1)
  PGE - PTE Global Bit                                    = 1 (1)
  MCA - Machine Check Architecture                        = 1 (1)
  CMOV - Conditional Move instructions                    = 1 (1)
  PAT - Page Attribute Table                              = 1 (1)
  PSE-36 - 36-bit Page Size Extension                     = 1 (1)
  PSN - Processor Serial Number                           = 0 (0)
  CLFSH - CLFLUSH instruction                             = 1 (1)
  DS - Debug Store                                        = 0 (1)
  ACPI - Thermal Mon. & Soft. Clock Ctrl.                 = 0 (1)
  MMX - Intel MMX Technology                              = 1 (1)
  FXSR - FXSAVE and FXRSTOR instructions                  = 1 (1)
  SSE - SSE support                                       = 1 (1)
  SSE2 - SSE2 support                                     = 1 (1)
  SS - Self Snoop                                         = 0 (1)
  HTT - Hyper-Threading Technology                        = 0 (1)
  TM - Therm. Monitor                                     = 0 (1)
  PBE - Pending Break Enabled                             = 0 (1)
  SSE3 - SSE3 support                                     = 1 (1)
  PCLMUL - PCLMULQDQ support (for AES-GCM)                = 1 (1)
  DTES64 - DS Area 64-bit Layout                          = 0 (1)
  MONITOR - MONITOR/MWAIT instructions                    = 1 (1)
  CPL-DS - CPL Qualified Debug Store                      = 0 (1)
  VMX - Virtual Machine Extensions                        = 0 (1)
  SMX - Safer Mode Extensions                             = 0 (1)
  EST - Enhanced SpeedStep Technology                     = 0 (1)
  TM2 - Terminal Monitor 2                                = 0 (1)
  SSSE3 - Supplemental Streaming SIMD Extensions 3        = 1 (1)
  CNTX-ID - L1 Context ID                                 = 0 (0)
  SDBG - Silicon Debug interface                          = 0 (0)
  FMA - Fused Multiply Add extensions                     = 0 (0)
  CX16 - CMPXCHG16B instruction                           = 1 (1)
  TPRUPDATE - xTPR Update Control                         = 0 (1)
  PDCM - Perf/Debug Capability MSR                        = 0 (1)
  PCID - Process Context Identifiers                      = 0 (0)
  DCA - Direct Cache Access                               = 0 (0)
  SSE4_1 - SSE4_1 support                                 = 1 (1)
  SSE4_2 - SSE4_2 support                                 = 1 (1)
  X2APIC - x2APIC support                                 = 0 (0)
  MOVBE - MOVBE instruction                               = 0 (0)
  POPCNT - POPCNT instruction                             = 1 (1)
  TSCDEADL - Time Stamp Counter Deadline                  = 0 (0)
  AES - AES instructions                                  = 1 (1)
  XSAVE - XSAVE instruction                               = 0 (0)
  OSXSAVE - OSXSAVE instruction                           = 0 (0)
  AVX - AVX support                                       = 0 (0)
  F16C - 16-bit floating point conversion instructions    = 0 (0)
  RDRAND - RDRAND instruction                             = 0 (0)
  HVP - Hypervisor Present (we're a guest)                = 0 (0)
Structured Extended Feature Flags Enumeration (leaf 7):
  Mnemonic - Description                                  = guest (host)
  FSGSBASE - RDFSBASE/RDGSBASE/WRFSBASE/WRGSBASE instr.   = 0 (0)
  TSCADJUST - Supports MSR_IA32_TSC_ADJUST                = 0 (0)
  BMI1 - Advanced Bit Manipulation extension 1            = 0 (0)
  HLE - Hardware Lock Elision                             = 0 (0)
  AVX2 - Advanced Vector Extensions 2                     = 0 (0)
  SMEP - Supervisor Mode Execution Prevention             = 0 (0)
  BMI2 - Advanced Bit Manipulation extension 2            = 0 (0)
  ERMS - Enhanced REP MOVSB/STOSB instructions            = 0 (0)
  INVPCID - INVPCID instruction                           = 0 (0)
  RTM - Restricted Transactional Memory                   = 0 (0)
  PQM - Platform Quality of Service Monitoring            = 0 (0)
  DEPFPU_CS_DS - Deprecates FPU CS, FPU DS values if set  = 0 (0)
  MPE - Intel Memory Protection Extensions                = 0 (0)
  PQE - Platform Quality of Service Enforcement           = 0 (0)
  AVX512F - AVX512 Foundation instructions                = 0 (0)
  RDSEED - RDSEED instruction                             = 0 (0)
  ADX - ADCX/ADOX instructions                            = 0 (0)
  SMAP - Supervisor Mode Access Prevention                = 0 (0)
  CLFLUSHOPT - CLFLUSHOPT (Cache Line Flush) instruction  = 0 (0)
  INTEL_PT - Intel Processor Trace                        = 0 (0)
  AVX512PF - AVX512 Prefetch instructions                 = 0 (0)
  AVX512ER - AVX512 Exponential & Reciprocal instructions = 0 (0)
  AVX512CD - AVX512 Conflict Detection instructions       = 0 (0)
  SHA - Secure Hash Algorithm extensions                  = 0 (0)
  PREFETCHWT1 - PREFETCHWT1 instruction                   = 0 (0)
  PKU - Protection Key for Usermode pages                 = 0 (0)
  OSPKU - CR4.PKU mirror                                  = 0 (0)
         Raw Hypervisor CPUID Leaves
     Leaf/sub-leaf  eax      ebx      ecx      edx
Gst: 40000000/0000  40000001 786f4256 786f4256 786f4256
Hst:                00000001 00000002 00000100 00000000
Gst: 40000001/0000  656e6f6e 00000000 00000000 00000000
Hst:                00000001 00000002 00000100 00000000
         Raw Extended CPUID Leaves
     Leaf/sub-leaf  eax      ebx      ecx      edx
Gst: 80000000/0000  80000008 00000000 00000000 00000000
Hst:                80000008 00000000 00000000 00000000
Gst: 80000001/0000  00000000 00000000 00000001 08000000
Hst:                00000000 00000000 00000001 28100800
Gst: 80000002/0000  65746e49 2952286c 726f4320 4d542865
Hst:                65746e49 2952286c 726f4320 4d542865
Gst: 80000003/0000  35692029 55504320 20202020 4d202020
Hst:                35692029 55504320 20202020 4d202020
Gst: 80000004/0000  30323520 20402020 30342e32 007a4847
Hst:                30323520 20402020 30342e32 007a4847
Gst: 80000005/0000  00000000 00000000 00000000 00000000
Hst:                00000000 00000000 00000000 00000000
Gst: 80000006/0000  00000000 00000000 01006040 00000000
Hst:                00000000 00000000 01006040 00000000
Gst: 80000007/0000  00000000 00000000 00000000 00000100
Hst:                00000000 00000000 00000000 00000100
Gst: 80000008/0000  00003024 00000000 00000000 00000000
Hst:                00003024 00000000 00000000 00000000
Ext Name:                        
Ext Supports:                    0x80000000-0x80000008
Family:                          0  	Extended: 0 	Effective: 0
Model:                           0  	Extended: 0 	Effective: 0
Stepping:                        0
Brand ID:                        0x000
Ext Features
  Mnemonic - Description                                  = guest (host)
  FPU - x87 FPU on Chip                                   = 0 (0)
  VME - Virtual 8086 Mode Enhancements                    = 0 (0)
  DE - Debugging extensions                               = 0 (0)
  PSE - Page Size Extension                               = 0 (0)
  TSC - Time Stamp Counter                                = 0 (0)
  MSR - K86 Model Specific Registers                      = 0 (0)
  PAE - Physical Address Extension                        = 0 (0)
  MCE - Machine Check Exception                           = 0 (0)
  CX8 - CMPXCHG8B instruction                             = 0 (0)
  APIC - APIC On-Chip                                     = 0 (0)
  SEP - SYSCALL/SYSRET                                    = 0 (1)
  MTRR - Memory Type Range Registers                      = 0 (0)
  PGE - PTE Global Bit                                    = 0 (0)
  MCA - Machine Check Architecture                        = 0 (0)
  CMOV - Conditional Move instructions                    = 0 (0)
  PAT - Page Attribute Table                              = 0 (0)
  PSE-36 - 36-bit Page Size Extension                     = 0 (0)
  NX - No-Execute/Execute-Disable                         = 0 (1)
  AXMMX - AMD Extensions to MMX instructions              = 0 (0)
  MMX - Intel MMX Technology                              = 0 (0)
  FXSR - FXSAVE and FXRSTOR Instructions                  = 0 (0)
  FFXSR - AMD fast FXSAVE and FXRSTOR instructions        = 0 (0)
  Page1GB - 1 GB large page                               = 0 (0)
  RDTSCP - RDTSCP instruction                             = 1 (1)
  LM - AMD64 Long Mode                                    = 0 (1)
  3DNOWEXT - AMD Extensions to 3DNow                      = 0 (0)
  3DNOW - AMD 3DNow                                       = 0 (0)
  LahfSahf - LAHF/SAHF support in 64-bit mode             = 1 (1)
  CmpLegacy - Core multi-processing legacy mode           = 0 (0)
  SVM - AMD VM extensions                                 = 0 (0)
  EXTAPIC - AMD Extended APIC registers                   = 0 (0)
  CR8L - AMD LOCK MOV CR0 means MOV CR8                   = 0 (0)
  ABM - AMD Advanced Bit Manipulation                     = 0 (0)
  SSE4A - SSE4A instructions                              = 0 (0)
  MISALIGNSSE - AMD Misaligned SSE mode                   = 0 (0)
  3DNOWPRF - AMD PREFETCH and PREFETCHW instructions      = 0 (0)
  OSVW - AMD OS Visible Workaround                        = 0 (0)
  IBS - Instruct Based Sampling                           = 0 (0)
  XOP - Extended Operation support                        = 0 (0)
  SKINIT - SKINIT, STGI, and DEV support                  = 0 (0)
  WDT - AMD Watchdog Timer support                        = 0 (0)
  LWP - Lightweight Profiling support                     = 0 (0)
  FMA4 - Four operand FMA instruction support             = 0 (0)
  NodeId - NodeId in MSR C001_100C                        = 0 (0)
  TBM - Trailing Bit Manipulation instructions            = 0 (0)
  TOPOEXT - Topology Extensions                           = 0 (0)
Full Name:                       "Intel(R) Core(TM) i5 CPU       M 520  @ 2.40GHz"
TLB 2/4M Instr/Uni:              res0     0 entries
TLB 2/4M Data:                   res0     0 entries
TLB 4K Instr/Uni:                res0     0 entries
TLB 4K Data:                     res0     0 entries
L1 Instr Cache Line Size:        0 bytes
L1 Instr Cache Lines Per Tag:    0
L1 Instr Cache Associativity:    res0  
L1 Instr Cache Size:             0 KB
L1 Data Cache Line Size:         0 bytes
L1 Data Cache Lines Per Tag:     0
L1 Data Cache Associativity:     res0  
L1 Data Cache Size:              0 KB
L2 TLB 2/4M Instr/Uni:           off       0 entries
L2 TLB 2/4M Data:                off       0 entries
L2 TLB 4K Instr/Uni:             off       0 entries
L2 TLB 4K Data:                  off       0 entries
L2 Cache Line Size:              0 bytes
L2 Cache Lines Per Tag:          0
L2 Cache Associativity:          off   
L2 Cache Size:                   0 KB
APM Features:                    TscInvariant
Host Invariant-TSC support:      true 
Physical Address Width:          36 bits
Virtual Address Width:           48 bits
Guest Physical Address Width:    0 bits
Physical Core Count:             1
!!
!! {handlers, phys virt hyper stats}
!!
Physical handlers: (PhysHandlers=12968 (0x32a8))
From             - To (incl)         HandlerHC         UserHC            HandlerGC UserGC    Type     Description
00000000000a0000 - 00000000000bffff  00007fd329f77e90  00007fd318eda770  00000000  ff43d770  MMIO     VGA - VGA Video Buffer
00000000000c0000 - 00000000000c8fff  00007fd329f95d50  00007fd318eda940  00000000  ff43d940  Write    VGA BIOS
00000000000e0000 - 00000000000e0fff  00007fd329f95d50  00007fd318ee9ae0  00000000  ff44cae0  Write    ACPI RSDP
00000000000e1000 - 00000000000e1fff  00007fd329f95d50  00007fd318ec9930  00000000  ff42c930  Write    DMI tables
00000000000e2000 - 00000000000effff  00007fd329f95d50  00007fd318eca230  00000000  ff42d230  Write    Net Boot ROM
00000000000f0000 - 00000000000fffff  00007fd329f95d50  00007fd318ec9a20  00000000  ff42ca20  Write    PC BIOS - 0xfffff
00000000e0000000 - 00000000e04fffff  00007fd30a9b1430  00007fd33eb18100  00000000  ff958100  Write    VGA LFB
00000000f0000000 - 00000000f0000fff  00007fd329f77e90  00007fd318eea490  00000000  ff44d490  MMIO     PCNet
00000000f0804000 - 00000000f0804fff  00007fd329f77e90  00007fd318eea760  00000000  ff44d760  MMIO     USB OHCI
00000000f0806000 - 00000000f0807fff  00007fd329f77e90  00007fd318eeab50  00000000  ff44db50  MMIO     AHCI
00000000fee00000 - 00000000fee00fff  00007fd329f77e90  00007fd318ecc990  00000000  ff42f990  MMIO     APIC Memory
00000000ffff0000 - 00000000ffffffff  00007fd329f95d50  00007fd318ec9d60  00000000  ff42cd60  Write    PC BIOS - 0xffffffff
Virtual handlers:
From             - To (excl)         HandlerHC         HandlerGC Type       Description
Hypervisor Virtual handlers:
From             - To (excl)         HandlerHC         HandlerGC Type       Description
!!
!! {timers, <NULL>}
!!
Timers (pVM=00007fd319a68000)
pTimerR3         offNext  offPrev  offSched Clock               Time             Expire HzHint State                     Description
00007fd318eeaf30 ffffff80 fffefc40 00000000 Real            10567545           10567472      0 2-ACTIVE                  EMT Yielder
00007fd318eeaeb0 00000000 00000080 00000000 Real            10567545           10567692      0 2-ACTIVE                  CPU Load Timer
00007fd318eea0b0 00000000 fffe3910 00000000 VrSy          2761633247       599932015941      0 2-ACTIVE                  ACPI PM Timer
00007fd318ee8460 00000000 00000000 00000000 Virt          2819870261                  0      0 1-STOPPED                 USB Frame Timer
00007fd318ee6b00 00000000 00000000 00000000 Virt          2819870261         2766351314      0 2-ACTIVE                  DevIchAc97
00007fd318ee65e0 00000000 00000000 00000000 Virt          2819870261                  0      0 1-STOPPED                 PCNet Restore Timer
00007fd318ee6560 00000000 00000000 00000000 Virt          2819870261                  0      0 1-STOPPED                 PCNet SoftInt Timer
00007fd318ee64e0 00000000 00000000 00000000 Virt          2819870261                  0      0 1-STOPPED                 PCNet Poll Timer
00007fd318ee1610 00000000 00000000 00000000 Virt          2819870261                  0      0 1-STOPPED                 AHCI CCC Timer
00007fd318edab70 000103c0 00000000 00000000 Real            10567546           10567469      0 2-ACTIVE                  VGA Refresh Timer
00007fd318ed4f20 00000000 00000000 00000000 Virt          2819870261                  0      0 1-STOPPED                 Heartbeat flatlined
00007fd318ecda40 00000000 00000000 00000000 VrSy          2761633247         1990244140      0 1-STOPPED                 MC146818 RTC/CMOS - Second2
00007fd318ecd9c0 0001c6f0 fffffa20 00000000 VrSy          2761633247         2990000000      0 2-ACTIVE                  MC146818 RTC/CMOS - Second
00007fd318ecd940 00000000 00000000 00000000 VrSy          2761633247                  0      0 1-STOPPED                 MC146818 RTC/CMOS - Periodic
00007fd318ecd3e0 000005e0 00000000 00000000 VrSy          2761633247         2785137840     18 2-ACTIVE                  i8254 Programmable Interval Timer
00007fd318eccb40 00000000 00000000 00000000 VrSy          2761633247                  0      0 1-STOPPED                 APIC Timer #0
00007fd318ecbc90 00000000 00000000 00000000 Virt          2819870261                  0      0 1-STOPPED                 PS2M Delay Timer
00007fd318ecbc10 00000000 00000000 00000000 Real            10567547                  0      0 1-STOPPED                 PS2M Throttle Timer
00007fd318ecbb90 00000000 00000000 00000000 Virt          2819870261           45101920      0 1-STOPPED                 PS2K Delay Timer
00007fd318ecbb10 00000000 00000000 00000000 Real            10567547                  0      0 1-STOPPED                 PS2K Typematic Timer
00007fd318ec9290 00000000 00000000 00000000 Real            10567547                  0      0 1-STOPPED                 BlkCache-Commit
!!
!! {activetimers, <NULL>}
!!
Active Timers (pVM=00007fd319a68000)
pTimerR3         offNext  offPrev  offSched Clock               Time             Expire HzHint State                     Description
00007fd318edab70 000103c0 00000000 00000000 Real            10567548           10567469      0 2-ACTIVE                  VGA Refresh Timer
00007fd318eeaf30 ffffff80 fffefc40 00000000 Real            10567548           10567472      0 2-ACTIVE                  EMT Yielder
00007fd318eeaeb0 00000000 00000080 00000000 Real            10567548           10567692      0 2-ACTIVE                  CPU Load Timer
00007fd318ee6b00 00000000 00000000 00000000 Virt          2819870261         2766351314      0 2-ACTIVE                  DevIchAc97
00007fd318ecd3e0 000005e0 00000000 00000000 VrSy          2761633247         2785137840     18 2-ACTIVE                  i8254 Programmable Interval Timer
00007fd318ecd9c0 0001c6f0 fffffa20 00000000 VrSy          2761633247         2990000000      0 2-ACTIVE                  MC146818 RTC/CMOS - Second
00007fd318eea0b0 00000000 fffe3910 00000000 VrSy          2761633247       599932015941      0 2-ACTIVE                  ACPI PM Timer
!!
!! {ahci0}
!!
ahci#0: mmio=00000000f0806000 ports=1 GC=true  R0=true 
HbaCap=0xc8241f80
HbaCtrl=0x80000000
HbaIs=0x0
HbaPi=0x1HbaVs=0x10100
HbaCccCtl=0x0
HbaCccPorts=0x0
PortsInterrupted=0x0
Port 0: async=true  device-attached=true 
PortClb=0x9f800
PortClbU=0x0
PortFb=0x9fa00
PortFbU=0x0
PortIs=0x0
PortIe=0x0
PortCmd=0x114016
PortTfd=0x0
PortSig=0x101
PortSSts=0x123
PortSCtl=0x0
PortSErr=0x0
PortSAct=0x0
PortCi=0x0
PortPhysClb=000000000009f800
PortPhysFb=000000000009fa00
PortActTasksActive=0
PortPoweredOn=true 
PortSpunUp=true 
PortFirstD2HFisSend=true 
PortATAPI=false
PortTasksFinished=0x1
PortQueuedTasksFinished=0x0
PortTasksNew=0x0

!!
!! {apic}
!!
CPU0: Local APIC at fee00900:
  LAPIC ID  : 00000000
    APIC ID = 00
  APIC VER   : 00050014
    version  = 14
    lvts     = 6
  TPR        : 00000000
    task pri = 0/0
  PPR        : 00000000
    cpu pri  = 0/0
  LDR       : 00000000
    log id  = 00
  DFR       : 0fffffff
  SVR       : 0000010f
    focus   = check on
    lapic   = ENABLED
    vector  = 0f
  ISR       : 0000000000000000000000000000000000000000000000000000000000000000
    pending = none
  IRR       : 0000000000000000000000000000000000000000000000000000000000000000
    pending = none
!!
!! {cfgm}
!!
pRoot=00007fd2f4000b50:{/}
[/] (level 0)
  CSAMEnabled       <integer> = 0x0000000000000001 (1)
  CpuExecutionCap   <integer> = 0x0000000000000064 (100)
  EnablePAE         <integer> = 0x0000000000000000 (0)
  HMEnabled         <integer> = 0x0000000000000001 (1)
  MemBalloonSize    <integer> = 0x0000000000000000 (0)
  Name              <string>  = "Q" (cb=2)
  NumCPUs           <integer> = 0x0000000000000001 (1)
  PATMEnabled       <integer> = 0x0000000000000001 (1)
  PageFusionAllowed <integer> = 0x0000000000000000 (0)
  RamHoleSize       <integer> = 0x0000000020000000 (536 870 912, 512 MB)
  RamSize           <integer> = 0x0000000040000000 (1 073 741 824, 1 024 MB)
  RawR0Enabled      <integer> = 0x0000000000000001 (1)
  RawR3Enabled      <integer> = 0x0000000000000001 (1)
  TimerMillies      <integer> = 0x000000000000000a (10)
  UUID              <bytes>   = "6c 0a c0 00 f7 ab ab 43 aa 92 8e 53 8d 5f 4c 32" (cb=16)

[/CPUM/] (level 1)
  PortableCpuIdLevel <integer> = 0x0000000000000000 (0)

[/DBGF/] (level 1)
  Path <string>  = "/home/harlan/VirtualBox VMs/Q/debug/;/home/harlan/VirtualBox VMs/Q/;/home/harlan/" (cb=82)

[/Devices/] (level 1)

[/Devices/8237A/] (level 2)

[/Devices/8237A/0/] (level 3)
  Trusted <integer> = 0x0000000000000001 (1)

[/Devices/8237A/0/Config/] (level 4) (restricted root)

[/Devices/VMMDev/] (level 2)

[/Devices/VMMDev/0/] (level 3)
  PCIBusNo      <integer> = 0x0000000000000000 (0)
  PCIDeviceNo   <integer> = 0x0000000000000004 (4)
  PCIFunctionNo <integer> = 0x0000000000000000 (0)
  Trusted       <integer> = 0x0000000000000001 (1)

[/Devices/VMMDev/0/Config/] (level 4) (restricted root)
  GuestCoreDumpDir <string>  = "/home/harlan/VirtualBox VMs/Q/Snapshots" (cb=40)
  RamSize          <integer> = 0x0000000040000000 (1 073 741 824, 1 024 MB)

[/Devices/VMMDev/0/LUN#0/] (level 4)
  Driver <string>  = "HGCM" (cb=5)

[/Devices/VMMDev/0/LUN#0/Config/] (level 5) (restricted root)
  Object <integer> = 0x00007fd300000910 (140 544 214 829 328)

[/Devices/VMMDev/0/LUN#999/] (level 4)
  Driver <string>  = "MainStatus" (cb=11)

[/Devices/VMMDev/0/LUN#999/Config/] (level 5) (restricted root)
  First   <integer> = 0x0000000000000000 (0)
  Last    <integer> = 0x0000000000000000 (0)
  papLeds <integer> = 0x00007fd31c0017e8 (140 544 684 595 176)

[/Devices/acpi/] (level 2)

[/Devices/acpi/0/] (level 3)
  PCIBusNo      <integer> = 0x0000000000000000 (0)
  PCIDeviceNo   <integer> = 0x0000000000000007 (7)
  PCIFunctionNo <integer> = 0x0000000000000000 (0)
  Trusted       <integer> = 0x0000000000000001 (1)

[/Devices/acpi/0/Config/] (level 4) (restricted root)
  CpuHotPlug          <integer> = 0x0000000000000000 (0)
  FdcEnabled          <integer> = 0x0000000000000000 (0)
  HostBusPciAddress   <integer> = 0x0000000000000000 (0)
  HpetEnabled         <integer> = 0x0000000000000000 (0)
  IOAPIC              <integer> = 0x0000000000000000 (0)
  IocPciAddress       <integer> = 0x0000000000010000 (65 536)
  NumCPUs             <integer> = 0x0000000000000001 (1)
  Parallel0IoPortBase <integer> = 0x0000000000000000 (0)
  Parallel0Irq        <integer> = 0x0000000000000000 (0)
  Parallel1IoPortBase <integer> = 0x0000000000000000 (0)
  Parallel1Irq        <integer> = 0x0000000000000000 (0)
  RamHoleSize         <integer> = 0x0000000020000000 (536 870 912, 512 MB)
  RamSize             <integer> = 0x0000000040000000 (1 073 741 824, 1 024 MB)
  Serial0IoPortBase   <integer> = 0x0000000000000000 (0)
  Serial0Irq          <integer> = 0x0000000000000000 (0)
  Serial1IoPortBase   <integer> = 0x0000000000000000 (0)
  Serial1Irq          <integer> = 0x0000000000000000 (0)
  ShowCpu             <integer> = 0x0000000000000000 (0)
  ShowRtc             <integer> = 0x0000000000000000 (0)
  SmcEnabled          <integer> = 0x0000000000000000 (0)

[/Devices/acpi/0/LUN#0/] (level 4)
  Driver <string>  = "ACPIHost" (cb=9)

[/Devices/acpi/0/LUN#0/Config/] (level 5) (restricted root)

[/Devices/ahci/] (level 2)

[/Devices/ahci/0/] (level 3)
  PCIBusNo      <integer> = 0x0000000000000000 (0)
  PCIDeviceNo   <integer> = 0x000000000000000d (13)
  PCIFunctionNo <integer> = 0x0000000000000000 (0)
  Trusted       <integer> = 0x0000000000000001 (1)

[/Devices/ahci/0/Config/] (level 4) (restricted root)
  Bootable  <integer> = 0x0000000000000001 (1)
  PortCount <integer> = 0x0000000000000001 (1)

[/Devices/ahci/0/Config/Port0/] (level 5)
  Hotpluggable        <integer> = 0x0000000000000000 (0)
  NonRotationalMedium <integer> = 0x0000000000000000 (0)

[/Devices/ahci/0/LUN#0/] (level 4)
  Driver <string>  = "Block" (cb=6)

[/Devices/ahci/0/LUN#0/AttachedDriver/] (level 5)
  Driver <string>  = "VD" (cb=3)

[/Devices/ahci/0/LUN#0/AttachedDriver/Config/] (level 6) (restricted root)
  BlockCache <integer> = 0x0000000000000001 (1)
  Format     <string>  = "VDI" (cb=4)
  Path       <string>  = "/home/harlan/VirtualBox VMs/Q/Q.vdi" (cb=36)
  Type       <string>  = "HardDisk" (cb=9)
  UseNewIo   <integer> = 0x0000000000000001 (1)

[/Devices/ahci/0/LUN#0/Config/] (level 5) (restricted root)
  Mountable <integer> = 0x0000000000000000 (0)
  Type      <string>  = "HardDisk" (cb=9)

[/Devices/ahci/0/LUN#999/] (level 4)
  Driver <string>  = "MainStatus" (cb=11)

[/Devices/ahci/0/LUN#999/Config/] (level 5) (restricted root)
  DeviceInstance        <string>  = "ahci/0" (cb=7)
  First                 <integer> = 0x0000000000000000 (0)
  Last                  <integer> = 0x0000000000000000 (0)
  pConsole              <integer> = 0x00007fd31c001180 (140 544 684 593 536)
  papLeds               <integer> = 0x00007fd31c0014d8 (140 544 684 594 392)
  pmapMediumAttachments <integer> = 0x00007fd31c001808 (140 544 684 595 208)

[/Devices/apic/] (level 2)

[/Devices/apic/0/] (level 3)
  Trusted <integer> = 0x0000000000000001 (1)

[/Devices/apic/0/Config/] (level 4) (restricted root)
  IOAPIC  <integer> = 0x0000000000000000 (0)
  NumCPUs <integer> = 0x0000000000000001 (1)

[/Devices/e1000/] (level 2)

[/Devices/i8254/] (level 2)

[/Devices/i8254/0/] (level 3)

[/Devices/i8254/0/Config/] (level 4) (restricted root)

[/Devices/i8259/] (level 2)

[/Devices/i8259/0/] (level 3)
  Trusted <integer> = 0x0000000000000001 (1)

[/Devices/i8259/0/Config/] (level 4) (restricted root)

[/Devices/ichac97/] (level 2)

[/Devices/ichac97/0/] (level 3)
  PCIBusNo      <integer> = 0x0000000000000000 (0)
  PCIDeviceNo   <integer> = 0x0000000000000005 (5)
  PCIFunctionNo <integer> = 0x0000000000000000 (0)
  Trusted       <integer> = 0x0000000000000001 (1)

[/Devices/ichac97/0/AudioConfig/] (level 4)

[/Devices/ichac97/0/Config/] (level 4) (restricted root)
  Codec <string>  = "STAC9700" (cb=9)

[/Devices/ichac97/0/LUN#0/] (level 4)
  Driver <string>  = "AUDIO" (cb=6)

[/Devices/ichac97/0/LUN#0/AttachedDriver/] (level 5)
  Driver <string>  = "PulseAudio" (cb=11)

[/Devices/ichac97/0/LUN#0/AttachedDriver/Config/] (level 6) (restricted root)
  StreamName <string>  = "Q" (cb=2)

[/Devices/ichac97/0/LUN#0/Config/] (level 5) (restricted root)

[/Devices/ichac97/0/LUN#1/] (level 4)
  Driver <string>  = "AUDIO" (cb=6)

[/Devices/ichac97/0/LUN#1/AttachedDriver/] (level 5)
  Driver <string>  = "AudioVRDE" (cb=10)

[/Devices/ichac97/0/LUN#1/AttachedDriver/Config/] (level 6) (restricted root)
  AudioDriver      <string>  = "AudioVRDE" (cb=10)
  Object           <integer> = 0x00007fd31c006160 (140 544 684 613 984)
  ObjectVRDPServer <integer> = 0x00007fd31c0067a0 (140 544 684 615 584)
  StreamName       <string>  = "Q" (cb=2)

[/Devices/ichac97/0/LUN#1/Config/] (level 5) (restricted root)

[/Devices/mc146818/] (level 2)

[/Devices/mc146818/0/] (level 3)

[/Devices/mc146818/0/Config/] (level 4) (restricted root)
  UseUTC <integer> = 0x0000000000000000 (0)

[/Devices/parallel/] (level 2)

[/Devices/pcarch/] (level 2)

[/Devices/pcarch/0/] (level 3)
  Trusted <integer> = 0x0000000000000001 (1)

[/Devices/pcarch/0/Config/] (level 4) (restricted root)

[/Devices/pcbios/] (level 2)

[/Devices/pcbios/0/] (level 3)
  Trusted <integer> = 0x0000000000000001 (1)

[/Devices/pcbios/0/Config/] (level 4) (restricted root)
  BootDevice0        <string>  = "FLOPPY" (cb=7)
  BootDevice1        <string>  = "DVD" (cb=4)
  BootDevice2        <string>  = "IDE" (cb=4)
  BootDevice3        <string>  = "NONE" (cb=5)
  FloppyDevice       <string>  = "i82078" (cb=7)
  HardDiskDevice     <string>  = "piix3ide" (cb=9)
  IOAPIC             <integer> = 0x0000000000000000 (0)
  McfgBase           <integer> = 0x0000000000000000 (0)
  McfgLength         <integer> = 0x0000000000000000 (0)
  NumCPUs            <integer> = 0x0000000000000001 (1)
  PXEDebug           <integer> = 0x0000000000000000 (0)
  RamHoleSize        <integer> = 0x0000000020000000 (536 870 912, 512 MB)
  RamSize            <integer> = 0x0000000040000000 (1 073 741 824, 1 024 MB)
  SataHardDiskDevice <string>  = "ahci" (cb=5)
  SataLUN1           <integer> = 0x0000000000000000 (0)
  UUID               <bytes>   = "6c 0a c0 00 f7 ab ab 43 aa 92 8e 53 8d 5f 4c 32" (cb=16)

[/Devices/pcbios/0/Config/NetBoot/] (level 5)

[/Devices/pcbios/0/Config/NetBoot/0/] (level 6)
  NIC           <integer> = 0x0000000000000000 (0)
  PCIBusNo      <integer> = 0x0000000000000000 (0)
  PCIDeviceNo   <integer> = 0x0000000000000003 (3)
  PCIFunctionNo <integer> = 0x0000000000000000 (0)

[/Devices/pci/] (level 2)

[/Devices/pci/0/] (level 3)
  Trusted <integer> = 0x0000000000000001 (1)

[/Devices/pci/0/Config/] (level 4) (restricted root)
  IOAPIC <integer> = 0x0000000000000000 (0)

[/Devices/pckbd/] (level 2)

[/Devices/pckbd/0/] (level 3)
  Trusted <integer> = 0x0000000000000001 (1)

[/Devices/pckbd/0/Config/] (level 4) (restricted root)

[/Devices/pckbd/0/LUN#0/] (level 4)
  Driver <string>  = "KeyboardQueue" (cb=14)

[/Devices/pckbd/0/LUN#0/AttachedDriver/] (level 5)
  Driver <string>  = "MainKeyboard" (cb=13)

[/Devices/pckbd/0/LUN#0/AttachedDriver/Config/] (level 6) (restricted root)
  Object <integer> = 0x00007fd31c00df20 (140 544 684 646 176)

[/Devices/pckbd/0/LUN#0/Config/] (level 5) (restricted root)
  QueueSize <integer> = 0x0000000000000040 (64)

[/Devices/pckbd/0/LUN#1/] (level 4)
  Driver <string>  = "MouseQueue" (cb=11)

[/Devices/pckbd/0/LUN#1/AttachedDriver/] (level 5)
  Driver <string>  = "MainMouse" (cb=10)

[/Devices/pckbd/0/LUN#1/AttachedDriver/Config/] (level 6) (restricted root)
  Object <integer> = 0x00007fd31c00e2a0 (140 544 684 647 072)

[/Devices/pckbd/0/LUN#1/Config/] (level 5) (restricted root)
  QueueSize <integer> = 0x0000000000000080 (128)

[/Devices/pcnet/] (level 2)

[/Devices/pcnet/0/] (level 3)
  PCIBusNo      <integer> = 0x0000000000000000 (0)
  PCIDeviceNo   <integer> = 0x0000000000000003 (3)
  PCIFunctionNo <integer> = 0x0000000000000000 (0)
  Trusted       <integer> = 0x0000000000000001 (1)

[/Devices/pcnet/0/Config/] (level 4) (restricted root)
  Am79C973       <integer> = 0x0000000000000001 (1)
  CableConnected <integer> = 0x0000000000000001 (1)
  LineSpeed      <integer> = 0x0000000000000000 (0)
  MAC            <bytes>   = "08 00 27 de 40 7b" (cb=6)

[/Devices/pcnet/0/LUN#0/] (level 4)
  Driver <string>  = "NAT" (cb=4)

[/Devices/pcnet/0/LUN#0/Config/] (level 5) (restricted root)
  AliasMode       <integer> = 0x0000000000000000 (0)
  BootFile        <string>  = "Q.pxe" (cb=6)
  DNSProxy        <integer> = 0x0000000000000000 (0)
  Network         <string>  = "10.0.2.0/24" (cb=12)
  PassDomain      <integer> = 0x0000000000000001 (1)
  TFTPPrefix      <string>  = "/home/harlan/.config/VirtualBox/TFTP" (cb=37)
  UseHostResolver <integer> = 0x0000000000000000 (0)

[/Devices/pcnet/0/LUN#999/] (level 4)
  Driver <string>  = "MainStatus" (cb=11)

[/Devices/pcnet/0/LUN#999/Config/] (level 5) (restricted root)
  First   <integer> = 0x0000000000000000 (0)
  Last    <integer> = 0x0000000000000000 (0)
  papLeds <integer> = 0x00007fd31c0016c8 (140 544 684 594 888)

[/Devices/piix3ide/] (level 2)

[/Devices/piix3ide/0/] (level 3)
  PCIBusNo      <integer> = 0x0000000000000000 (0)
  PCIDeviceNo   <integer> = 0x0000000000000001 (1)
  PCIFunctionNo <integer> = 0x0000000000000001 (1)
  Trusted       <integer> = 0x0000000000000001 (1)

[/Devices/piix3ide/0/Config/] (level 4) (restricted root)
  Type <string>  = "PIIX4" (cb=6)

[/Devices/piix3ide/0/Config/PrimaryMaster/] (level 5)
  NonRotationalMedium <integer> = 0x0000000000000000 (0)

[/Devices/piix3ide/0/LUN#0/] (level 4)
  Driver <string>  = "Block" (cb=6)

[/Devices/piix3ide/0/LUN#0/AttachedDriver/] (level 5)
  Driver <string>  = "VD" (cb=3)

[/Devices/piix3ide/0/LUN#0/AttachedDriver/Config/] (level 6) (restricted root)
  Format   <string>  = "RAW" (cb=4)
  Path     <string>  = "/home/harlan/OSdev/myos.iso" (cb=28)
  ReadOnly <integer> = 0x0000000000000001 (1)
  Type     <string>  = "DVD" (cb=4)

[/Devices/piix3ide/0/LUN#0/Config/] (level 5) (restricted root)
  Mountable <integer> = 0x0000000000000001 (1)
  Type      <string>  = "DVD" (cb=4)

[/Devices/piix3ide/0/LUN#999/] (level 4)
  Driver <string>  = "MainStatus" (cb=11)

[/Devices/piix3ide/0/LUN#999/Config/] (level 5) (restricted root)
  DeviceInstance        <string>  = "piix3ide/0" (cb=11)
  First                 <integer> = 0x0000000000000000 (0)
  Last                  <integer> = 0x0000000000000003 (3)
  pConsole              <integer> = 0x00007fd31c001180 (140 544 684 593 536)
  papLeds               <integer> = 0x00007fd31c0014b8 (140 544 684 594 360)
  pmapMediumAttachments <integer> = 0x00007fd31c001808 (140 544 684 595 208)

[/Devices/serial/] (level 2)

[/Devices/usb-ohci/] (level 2)

[/Devices/usb-ohci/0/] (level 3)
  PCIBusNo      <integer> = 0x0000000000000000 (0)
  PCIDeviceNo   <integer> = 0x0000000000000006 (6)
  PCIFunctionNo <integer> = 0x0000000000000000 (0)
  Trusted       <integer> = 0x0000000000000001 (1)

[/Devices/usb-ohci/0/Config/] (level 4) (restricted root)

[/Devices/usb-ohci/0/LUN#0/] (level 4)
  Driver <string>  = "VUSBRootHub" (cb=12)

[/Devices/usb-ohci/0/LUN#0/Config/] (level 5) (restricted root)

[/Devices/usb-ohci/0/LUN#999/] (level 4)
  Driver <string>  = "MainStatus" (cb=11)

[/Devices/usb-ohci/0/LUN#999/Config/] (level 5) (restricted root)
  First   <integer> = 0x0000000000000000 (0)
  Last    <integer> = 0x0000000000000000 (0)
  papLeds <integer> = 0x00007fd31c0017f0 (140 544 684 595 184)

[/Devices/vga/] (level 2)

[/Devices/vga/0/] (level 3)
  PCIBusNo      <integer> = 0x0000000000000000 (0)
  PCIDeviceNo   <integer> = 0x0000000000000002 (2)
  PCIFunctionNo <integer> = 0x0000000000000000 (0)
  Trusted       <integer> = 0x0000000000000001 (1)

[/Devices/vga/0/Config/] (level 4) (restricted root)
  CustomVideoModes <integer> = 0x0000000000000000 (0)
  FadeIn           <integer> = 0x0000000000000001 (1)
  FadeOut          <integer> = 0x0000000000000001 (1)
  HeightReduction  <integer> = 0x0000000000000000 (0)
  LogoFile         <string>  = "" (cb=1)
  LogoTime         <integer> = 0x0000000000000000 (0)
  MonitorCount     <integer> = 0x0000000000000001 (1)
  ShowBootMenu     <integer> = 0x0000000000000002 (2)
  VRamSize         <integer> = 0x0000000000500000 (5 242 880, 5 MB)

[/Devices/vga/0/LUN#0/] (level 4)
  Driver <string>  = "MainDisplay" (cb=12)

[/Devices/vga/0/LUN#0/Config/] (level 5) (restricted root)
  Object <integer> = 0x00007fd31c002900 (140 544 684 599 552)

[/Devices/vga/0/LUN#999/] (level 4)
  Driver <string>  = "MainStatus" (cb=11)

[/Devices/vga/0/LUN#999/Config/] (level 5) (restricted root)
  First   <integer> = 0x0000000000000000 (0)
  Last    <integer> = 0x0000000000000000 (0)
  papLeds <integer> = 0x00007fd31c001800 (140 544 684 595 200)

[/Devices/virtio-net/] (level 2)

[/EM/] (level 1)
  TripleFaultReset <integer> = 0x0000000000000000 (0)

[/GIM/] (level 1)
  Provider <string>  = "None" (cb=5)

[/HM/] (level 1)
  64bitEnabled       <integer> = 0x0000000000000000 (0)
  EnableLargePages   <integer> = 0x0000000000000000 (0)
  EnableNestedPaging <integer> = 0x0000000000000001 (1)
  EnableUX           <integer> = 0x0000000000000001 (1)
  EnableVPID         <integer> = 0x0000000000000001 (1)
  Exclusive          <integer> = 0x0000000000000001 (1)
  HMForced           <integer> = 0x0000000000000000 (0)

[/MM/] (level 1)
  CanUseLargerHeap <integer> = 0x0000000000000000 (0)

[/PDM/] (level 1)

[/PDM/AsyncCompletion/] (level 2)

[/PDM/AsyncCompletion/File/] (level 3)

[/PDM/AsyncCompletion/File/BwGroups/] (level 4)

[/PDM/BlkCache/] (level 2)
  CacheSize <integer> = 0x0000000000500000 (5 242 880, 5 MB)

[/PDM/Devices/] (level 2)

[/PDM/Drivers/] (level 2)

[/PDM/Drivers/VBoxC/] (level 3)
  Path <string>  = "/usr/lib/virtualbox/components/VBoxC" (cb=37)

[/PDM/NetworkShaper/] (level 2)

[/PDM/NetworkShaper/BwGroups/] (level 3)

[/TM/] (level 1)
  UTCOffset <integer> = 0x0000000000000000 (0)

[/USB/] (level 1)

[/USB/USBProxy/] (level 2)

[/USB/USBProxy/GlobalConfig/] (level 3)

!!
!! {clocks}
!!
Cpu Tick:         6611340070 (0x0000018a110b26) 2393996407Hz paused - virtualized - virtual clock
 Virtual:         2819870261 (0x000000a813ce35) 1000000000Hz paused
VirtSync:         2761633247 (0x000000a49b2ddf) paused
    Real:           10567584 (0x00000000a13fa0) 1000Hz
!!
!! {cmos1}
!!
First CMOS bank, offsets 0x0E - 0x7F
Offset 00 : --- use 'info rtc' to show CMOS clock --- 00 00
Offset 10 : 00 00 00 00 0e 80 02 ff-ff 00 00 00 00 00 00 00
Offset 20 : 00 00 00 00 00 00 00 00-00 00 00 00 00 00 02 8e
Offset 30 : ff ff 20 00 00 3f 00 20-20 00 00 00 00 31 00 00
Offset 40 : 08 02 80 ff ff ff ff 3f-00 00 00 00 00 00 00 00
Offset 50 : 00 00 00 00 00 00 00 00-00 00 00 00 00 00 00 00
Offset 60 : 01 00 00 00 00 00 00 00-00 00 00 00 00 00 00 00
Offset 70 : 00 00 00 00 00 00 00 00-00 00 00 00 00 00 00 00
!!
!! {cmos2}
!!
Second CMOS bank, offsets 0x80 - 0xFF
Offset 80 : 00 00 18 00 ff ff ff ff-ff ff 00 00 00 00 00 00
Offset 90 : 00 00 00 00 00 00 00 00-00 00 00 00 00 00 00 00
Offset a0 : 00 00 00 00 00 00 00 00-00 00 00 00 00 00 00 00
Offset b0 : 00 00 00 00 00 00 00 00-00 00 00 00 00 00 00 00
Offset c0 : 00 00 00 00 00 00 00 00-00 00 00 00 00 00 00 00
Offset d0 : 00 00 00 00 00 00 00 00-00 00 00 00 00 00 00 00
Offset e0 : 00 00 00 00 00 00 00 00-00 00 00 00 00 00 00 00
Offset f0 : 00 00 00 00 00 00 00 00-00 00 00 00 00 00 00 00
!!
!! {fflags}
!!
Global FFs: 0x0
CPU 0 FFs: 0x6
    INTERRUPT_PIC, TIMER
  Groups:
    EXTERNAL_HALTED, HIGH_PRIORITY_PRE, HM_TO_R3, ALL_REM
!!
!! {gdtguest}
!!
Guest GDT (GCAddr=0000000000106160 limit=18):
0008 - 0000ffff 00cf9b00 - base=00000000 limit=ffffffff dpl=0 CodeER Accessed Present Page 32-bit 
0010 - 0000ffff 00cf9200 - base=00000000 limit=ffffffff dpl=0 DataRW Present Page 32-bit 
!!
!! {guestprops}
!!
/VirtualBox/HostInfo/GUI/LanguageID: 'en_US', 1473324073678726000
/VirtualBox/HostInfo/VBoxVerExt: '5.0.24_Ubuntu', 1473343440428101000 (TRANSIENT, RDONLYGUEST)
/VirtualBox/HostGuest/SysprepExec: '', 1473343440427360000 (TRANSIENT, RDONLYGUEST)
/VirtualBox/HostGuest/SysprepArgs: '', 1473343440427436000 (TRANSIENT, RDONLYGUEST)
/VirtualBox/HostInfo/VBoxRev: '108355', 1473343440428158000 (TRANSIENT, RDONLYGUEST)
/VirtualBox/HostInfo/VBoxVer: '5.0.24', 1473343440428045000 (TRANSIENT, RDONLYGUEST)
!!
!! {ioport}
!!
I/O Port R3 ranges (pVM=00007fd319a68000)
Range     pDevIns          In               Out              pvUser           Description
0000-0007 00007fd2f44bcdb0 00007fd30a9f4b30 00007fd30a9f56f0 00007fd2f44bcec0 DMA8 Address
0008-000f 00007fd2f44bcdb0 00007fd30a9f4bc0 00007fd30a9f57b0 00007fd2f44bcec0 DMA8 Control
0020-0021 00007fd318eccbc0 00007fd30a9c5ff0 00007fd30a9c6170 0000000000000000 i8259 PIC #0
0040-0043 00007fd318ecd090 00007fd30a9c3680 00007fd30a9c4e70 0000000000000000 i8254 Programmable Interval Timer
0060-0060 00007fd318ecb510 00007fd30a99a8e0 00007fd30a99ac80 0000000000000000 PC Keyboard - Data
0061-0061 00007fd318ecd090 00007fd30a9c3d90 00007fd30a9c4100 0000000000000000 PC Speaker
0064-0064 00007fd318ecb510 00007fd30a99a080 00007fd30a99a970 0000000000000000 PC Keyboard - Command / Status
0070-0073 00007fd318ecd580 00007fd30a9cc2c0 00007fd30a9cd3d0 0000000000000000 MC146818 RTC/CMOS
0080-0087 00007fd2f44bcdb0 00007fd30a9f4cc0 00007fd30a9f5910 00007fd2f44bcec0 DMA8 Page
0088-008f 00007fd2f44bcdb0 00007fd30a9f4cc0 00007fd30a9f5910 00007fd2f44bcf60 DMA16 Page
0092-0092 00007fd2f44663c0 00007fd30a9d36b0 00007fd30a9d36f0 0000000000000000 PS/2 system control port A (A20 and more)
00a0-00a1 00007fd318eccbc0 00007fd30a9c5ff0 00007fd30a9c6170 0000000000000001 i8259 PIC #1
00c0-00cf 00007fd2f44bcdb0 00007fd30a9f4b30 00007fd30a9f56f0 00007fd2f44bcf60 DMA16 Address
00d0-00df 00007fd2f44bcdb0 00007fd30a9f4bc0 00007fd30a9f57b0 00007fd2f44bcf60 DMA16 Control
00f0-00ff 00007fd2f44663c0 00007fd30a9d35b0 00007fd30a9d3680 0000000000000000 Math Co-Processor (DOS/OS2 mode)
0170-0170 00007fd318ee25d0 00007fd30a9c2690 00007fd30a9c2980 0000000000000001 ATA I/O Base 1 - Data
0171-0177 00007fd318ee25d0 00007fd30a9b9df0 00007fd30a9babc0 0000000000000001 ATA I/O Base 1 - Other
01ce-01ce 00007fd33eb18000 00007fd30a9b03a0 00007fd30a9b01d0 0000000000000000 VGA/VBE - Index
01cf-01cf 00007fd33eb18000 00007fd30a9b0240 00007fd30a9b2800 0000000000000000 VGA/VBE - Data
01f0-01f0 00007fd318ee25d0 00007fd30a9c2690 00007fd30a9c2980 0000000000000000 ATA I/O Base 1 - Data
01f1-01f7 00007fd318ee25d0 00007fd30a9b9df0 00007fd30a9babc0 0000000000000000 ATA I/O Base 1 - Other
0376-0376 00007fd318ee25d0 00007fd30a9b6d10 00007fd30a9bc160 0000000000000001 ATA I/O Base 2
03b0-03b3 00007fd33eb18000 00007fd30a9b1340 00007fd30a9b13a0 0000000000000000 VGA - 3b0 (HGSMI host)
03b4-03b5 00007fd33eb18000 00007fd30a9ad090 00007fd30a9b18f0 0000000000000000 VGA - 3b4
03b6-03b6 00007fd33eb18000 00007fd30a9ad150 00007fd30a9ad130 0000000000000000 VBE BIOS Extra Data
03b7-03b7 00007fd33eb18000 00007fd30a9ad100 00007fd30a9ad110 0000000000000000 VGA BIOS debug/panic
03b8-03b8 00007fd33eb18000 00007fd30a9ad510 00007fd30a9b0400 0000000000000000 BIOS Logo
03ba-03ba 00007fd33eb18000 00007fd30a9ad090 00007fd30a9b18f0 0000000000000000 VGA - 3ba
03c0-03cf 00007fd33eb18000 00007fd30a9ad090 00007fd30a9b18f0 0000000000000000 VGA - 3c0
03d0-03d3 00007fd33eb18000 00007fd30a9b1340 00007fd30a9b13a0 0000000000000000 VGA - 3d0 (HGSMI guest)
03d4-03d5 00007fd33eb18000 00007fd30a9ad090 00007fd30a9b18f0 0000000000000000 VGA - 3d4
03da-03da 00007fd33eb18000 00007fd30a9ad090 00007fd30a9b18f0 0000000000000000 VGA - 3da
03f6-03f6 00007fd318ee25d0 00007fd30a9b6d10 00007fd30a9bc160 0000000000000000 ATA I/O Base 2
0400-0403 00007fd2f4466930 00007fd30a9cd8b0 00007fd30a9ceb00 0000000000000000 Bochs PC BIOS - Panic & Debug
04d0-04d0 00007fd318eccbc0 00007fd30a9c54f0 00007fd30a9c5570 00007fd318ecccc0 i8259 PIC #0 - elcr
04d1-04d1 00007fd318eccbc0 00007fd30a9c54f0 00007fd30a9c5570 00007fd318eccd08 i8259 PIC #1 - elcr
0504-0504 00007fd318ecddc0 00007fd329e8d940 00007fd30a9d5930 0000000000000000 VMMDev backdoor logging
0505-0505 00007fd318ecddc0 00007fd30a9d57b0 00007fd30a9d5770 0000000000000000 VMMDev timesync backdoor
0cf8-0cf8 00007fd318eca520 00007fd30a9a26f0 00007fd30a9a2690 0000000000000000 i440FX (PCI)
0cfc-0cff 00007fd318eca520 00007fd30a9a1870 00007fd30a9a17f0 0000000000000000 i440FX (PCI)
4000-4000 00007fd318ee84e0 00007fd30a9c6e30 00007fd30a9c7870 00007fd318ee85e0 ACPI PM1a Status
4002-4002 00007fd318ee84e0 00007fd30a9c6e90 00007fd30a9c7920 00007fd318ee85e0 ACPI PM1a Enable
4004-4004 00007fd318ee84e0 00007fd30a9c6dd0 00007fd30a9c7e10 00007fd318ee85e0 ACPI PM1a Control
4008-4008 00007fd318ee84e0 00007fd30a9c7780 00007fd329e8d4e0 00007fd318ee85e0 ACPI PM Timer
4020-4020 00007fd318ee84e0 00007fd30a9c6d10 00007fd30a9cae30 00007fd318ee85e0 ACPI GPE0 Status
4021-4021 00007fd318ee84e0 00007fd30a9c6d70 00007fd30a9caec0 00007fd318ee85e0 ACPI GPE0 Enable
4040-4040 00007fd318ee84e0 00007fd329e8d940 00007fd30a9c7a70 00007fd318ee85e0 ACPI Battery status index
4044-4044 00007fd318ee84e0 00007fd30a9c7200 00007fd329e8d4e0 00007fd318ee85e0 ACPI Battery status data
4048-4048 00007fd318ee84e0 00007fd329e8d940 00007fd30a9c79a0 00007fd318ee85e0 ACPI system info index
404c-404c 00007fd318ee84e0 00007fd30a9c6ef0 00007fd30a9c8080 00007fd318ee85e0 ACPI system info data
4050-4050 00007fd318ee84e0 00007fd329e8d940 00007fd30a9c8020 00007fd318ee85e0 ACPI Reset
442e-442e 00007fd318ee84e0 00007fd329e8d940 00007fd30a9c7af0 00007fd318ee85e0 ACPI SMI
8900-8900 00007fd2f4466930 00007fd30a9cd8b0 00007fd30a9ceb00 0000000000000000 Bochs PC BIOS - Shutdown
d000-d007 00007fd318ee25d0 00007fd30a9b6e00 00007fd30a9bbf70 0000000000000000 ATA Bus Master DMA
d008-d00f 00007fd318ee25d0 00007fd30a9b6e00 00007fd30a9bbf70 0000000000000001 ATA Bus Master DMA
d020-d02f 00007fd318ee3da0 00007fd30a9dea80 00007fd30a9de940 0000000000000000 PCNet ARPOM
d030-d03f 00007fd318ee3da0 00007fd30a9e44a0 00007fd30a9e5180 0000000000000000 PCNet
d040-d040 00007fd318ecddc0 00007fd329e8d940 00007fd30a9d7560 00007fd318ecdec0 VMMDev Request Handler
d100-d1ff 00007fd2f45d1720 00007fd30a9e7510 00007fd30a9e7b70 00007fd2f45d1820 ICHAC97 NAM
d200-d23f 00007fd2f45d1720 00007fd30a9e51e0 00007fd30a9e6540 00007fd2f45d1820 ICHAC97 NABM
d240-d247 00007fd318edacb0 00007fd30aa53bd0 00007fd30aa53bc0 0000000000000000 AHCI Fake
d250-d257 00007fd318edacb0 00007fd30aa53bd0 00007fd30aa53bc0 0000000000000000 AHCI Fake
d260-d26f 00007fd318edacb0 00007fd30aa586a0 00007fd30aa587b0 0000000000000000 AHCI IDX/DATA
I/O Port R0 ranges (pVM=00007fd319a68000)
Range     pDevIns          In               Out              pvUser           Description
0020-0021 00007fd318eccbc0 ffffffffc09fb580 ffffffffc09fb700 0000000000000000 i8259 PIC #0
0040-0043 00007fd318ecd090 ffffffffc09fabb0 ffffffffc09fad70 0000000000000000 i8254 Programmable Interval Timer
0060-0060 00007fd318ecb510 ffffffffc09f9730 ffffffffc09f97b0 0000000000000000 PC Keyboard - Data
0064-0064 00007fd318ecb510 ffffffffc09f9930 ffffffffc09f9970 0000000000000000 PC Keyboard - Command / Status
0070-0073 00007fd318ecd580 ffffffffc09fbdd0 ffffffffc09fbf00 0000000000000000 MC146818 RTC/CMOS
00a0-00a1 00007fd318eccbc0 ffffffffc09fb580 ffffffffc09fb700 0000000000000001 i8259 PIC #1
0170-0170 00007fd318ee25d0 ffffffffc09fd980 ffffffffc09fd650 0000000000000001 ATA I/O Base 1 - Data
0171-0177 00007fd318ee25d0 ffffffffc09fe600 ffffffffc09fe2b0 0000000000000001 ATA I/O Base 1 - Other
01ce-01ce 00007fd33eb18000 ffffffffc09f8a60 ffffffffc09f8890 0000000000000000 VGA/VBE - Index (GC)
01cf-01cf 00007fd33eb18000 ffffffffc09f8900 ffffffffc09f8810 0000000000000000 VGA/VBE - Data (GC)
01f0-01f0 00007fd318ee25d0 ffffffffc09fd980 ffffffffc09fd650 0000000000000000 ATA I/O Base 1 - Data
01f1-01f7 00007fd318ee25d0 ffffffffc09fe600 ffffffffc09fe2b0 0000000000000000 ATA I/O Base 1 - Other
0376-0376 00007fd318ee25d0 ffffffffc09feb20 ffffffffc09fea10 0000000000000001 ATA I/O Base 2
03b4-03b5 00007fd33eb18000 ffffffffc09f87a0 ffffffffc09f8720 0000000000000000 VGA - 3b4 (GC)
03b7-03b7 00007fd33eb18000 ffffffffc09f9570 ffffffffc09f9580 0000000000000000 VGA BIOS debug/panic
03ba-03ba 00007fd33eb18000 ffffffffc09f87a0 ffffffffc09f8720 0000000000000000 VGA - 3ba (GC)
03c0-03cf 00007fd33eb18000 ffffffffc09f87a0 ffffffffc09f8720 0000000000000000 VGA - 3c0 (GC)
03d4-03d5 00007fd33eb18000 ffffffffc09f87a0 ffffffffc09f8720 0000000000000000 VGA - 3d4 (GC)
03da-03da 00007fd33eb18000 ffffffffc09f87a0 ffffffffc09f8720 0000000000000000 VGA - 3da (GC)
03f6-03f6 00007fd318ee25d0 ffffffffc09feb20 ffffffffc09fea10 0000000000000000 ATA I/O Base 2
04d0-04d0 00007fd318eccbc0 ffffffffc09fbb60 ffffffffc09fbbe0 00007fd318ecccc0 i8259 PIC #0 - elcr
04d1-04d1 00007fd318eccbc0 ffffffffc09fbb60 ffffffffc09fbbe0 00007fd318eccd08 i8259 PIC #1 - elcr
0cf8-0cf8 00007fd318eca520 ffffffffc09f6690 ffffffffc09f6630 0000000000000000 i440FX (PCI)
0cfc-0cff 00007fd318eca520 ffffffffc09f67a0 ffffffffc09f6700 0000000000000000 i440FX (PCI)
4008-4008 00007fd318ee84e0 ffffffffc09fa7f0 0000000000000000 0000000000000000 ACPI PM Timer
d000-d007 00007fd318ee25d0 ffffffffc09fdfb0 ffffffffc09fe0c0 0000000000000000 ATA Bus Master DMA
d008-d00f 00007fd318ee25d0 ffffffffc09fdfb0 ffffffffc09fe0c0 0000000000000001 ATA Bus Master DMA
d020-d02f 00007fd318ee3da0 ffffffffc0a02360 ffffffffc0a02440 0000000000000000 PCNet aprom
d030-d03f 00007fd318ee3da0 ffffffffc0a02490 ffffffffc0a02570 0000000000000000 PCNet
d240-d247 00007fd318edacb0 ffffffffc0a08bb0 ffffffffc0a08ba0 0000000000000000 AHCI Fake
d250-d257 00007fd318edacb0 ffffffffc0a08bb0 ffffffffc0a08ba0 0000000000000000 AHCI Fake
d260-d26f 00007fd318edacb0 ffffffffc0a08c10 ffffffffc0a08bc0 0000000000000000 AHCI IDX/DATA
I/O Port GC ranges (pVM=00007fd319a68000)
Range     pDevIns  In       Out      pvUser   Description
!!
!! {ldtguest}
!!
Guest LDT (Sel=0): Null-Selector
!!
!! {mmio}
!!
MMIO ranges (pVM=00007fd319a68000)
GC Phys Range                     pDevIns          Read             Write            Fill             pvUser           Description
00000000000a0000-00000000000bffff 00007fd33eb18000 00007fd30a9b1160 00007fd30a9afcb0 00007fd30a9b0770 0000000000000000 VGA - VGA Video Buffer
                               R0 00007fd33eb18000 ffffffffc09f9150 ffffffffc09f9330 ffffffffc09f8ac0 0000000000000000
                               RC 00000000 00000000 00000000 00000000 00000000
00000000f0000000-00000000f0000fff 00007fd318ee3da0 00007fd30a9e4340 00007fd30a9e4fc0 0000000000000000 00007fd318ee3ea0 PCNet
                               R0 0000000000000000 0000000000000000 0000000000000000 0000000000000000 0000000000000000
                               RC 00000000 00000000 00000000 00000000 00000000
00000000f0804000-00000000f0804fff 00007fd318ee6b80 00007fd30aa238d0 00007fd30aa23950 0000000000000000 0000000000000000 USB OHCI
                               R0 00007fd318ee6b80 ffffffffc0a08060 ffffffffc0a080e0 0000000000000000 0000000000000000
                               RC 00000000 00000000 00000000 00000000 00000000
00000000f0806000-00000000f0807fff 00007fd318edacb0 00007fd30aa58680 00007fd30aa5bf10 0000000000000000 0000000000000000 AHCI
                               R0 00007fd318edacb0 ffffffffc0a08ae0 ffffffffc0a08b00 0000000000000000 0000000000000000
                               RC 00000000 00000000 00000000 00000000 00000000
00000000fee00000-00000000fee00fff 00007fd318ecbe90 00007fd3180ccfc0 00007fd3180ccf00 0000000000000000 00007fd318ecbf90 APIC Memory
                               R0 00007fd318ecbe90 ffffffffc0017b50 ffffffffc0017c20 0000000000000000 0000000000000000
                               RC 00000000 00000000 00000000 00000000 00000000
!!
!! {nat0}
!!
NAT parameters: MTU=1500
NAT TCP ports:
NAT UDP ports:
NAT ARP cache:
NAT rules:
!!
!! {ohci}
!!
HcControl: 00000200 - CBSR=0 PLE=0 IE=0 CLE=0 BLE=0 HCFS=0x0 IR=0 RWC=1 RWE=0
HcCommandStatus:   00000000 - HCR=0 CLF=0 BLF=0 OCR=0 SOC=0
HcInterruptStatus: 00000000 - SO=0 WDH=0 SF=0 RD=0 UE=0 FNO=0 RHSC=0 OC=0
HcInterruptEnable: 80000000 - SO=0 WDH=0 SF=0 RD=0 UE=0 FNO=0 RHSC=0 OC=0 MIE=1
HcHCCA: 00000000
HcPeriodCurrentED:  00000000
HcControlHeadED:    00000000
HcControlCurrentED: 00000000
HcBulkHeadED:       00000000
HcBulkCurrentED:    00000000
HcDoneHead:         00000000

!!
!! {pci}
!!
00:00:00 i440FX: 8086-1237
        Command: 00 00, Status: 00 00
        Bus master: No
00:01:00 PIIX3: 8086-7000
        Command: 07 00, Status: 00 02
        Bus master: Yes
00:01:01 piix3ide: 8086-7111
        IO region #4: d000..d010
        Command: 07 00, Status: 00 00
        Bus master: Yes
00:02:00 vga: 80ee-beef IRQ11
        MMIO32 PREFETCH region #0: e0000000..e0800000
        Command: 07 00, Status: 00 00
        Bus master: Yes
00:03:00 pcnet: 1022-2000 IRQ10
        IO region #0: d020..d040
        MMIO32 region #1: f0000000..f0001000
        Command: 07 00, Status: 80 02
        Bus master: Yes
00:04:00 VMMDev: 80ee-cafe IRQ9
        IO region #0: d040..d060
        MMIO32 region #1: f0400000..f0800000
        MMIO32 PREFETCH region #2: f0800000..f0804000
        Command: 07 00, Status: 00 00
        Bus master: Yes
00:05:00 ichac97: 8086-2415 IRQ11
        IO region #0: d100..d200
        IO region #1: d200..d240
        Command: 07 00, Status: 80 02
        Bus master: Yes
00:06:00 usb-ohci: 106b-003f IRQ11
        MMIO32 region #0: f0804000..f0805000
        Command: 07 00, Status: 10 00
        Bus master: Yes
00:07:00 acpi: 8086-7113 IRQ9
        Command: 07 00, Status: 80 02
        Bus master: Yes
00:0d:00 ahci: 8086-2829 IRQ11
        IO region #0: d240..d248
        IO region #1: d248..d249
        IO region #2: d250..d258
        IO region #3: d258..d259
        IO region #4: d260..d270
        MMIO32 region #5: f0806000..f0808000
        Command: 07 00, Status: 10 00
        Bus master: Yes
!!
!! {pciirq}
!!
PCI interrupt router at: 00:01:0
PIRQA -> IRQ11
PIRQB -> IRQ11
PIRQC -> IRQ10
PIRQD -> IRQ9
!!
!! {pcnet0}
!!
pcnet #0: port=d020 mmio=f0000000 mac-cfg=08:00:27:de:40:7b Am79C973 RC R0
CSR0=0x0004:
CSR1=0x0000:
CSR2=0x0000:
CSR3=0x0000: BSWP=0 EMBA=0 DXMT2PD=0 LAPPEN=0 DXSUFLO=0 IDONM=0 TINTM=0 RINTM=0 MERRM=0 MISSM=0 BABLM=0
CSR4=0x0115: JABM=1 JAB=0 TXSTRM=1 TXSTRT=0 RCVCOOM=1 RCVCCO=0 UINT=0 UINTCMD=0
              MFCOM=1 MFCO=0 ASTRP_RCV=0 APAD_XMT=0 DPOLL=0 TIMER=0 EMAPLUS=0 EN124=0
CSR5=0x0000:
CSR6=0x0000: RLEN=0x0* TLEN=0x0* [* encoded]
CSR8..11=0x0000,0x0000,0x0000,0x0000: LADRF=0x0000000000000000
CSR12..14=0x0008,0xde27,0x7b40: PADR=08:00:27:de:40:7b (Current MAC Address)
CSR15=0x0000: DXR=0 DTX=0 LOOP=0 DXMTFCS=0 FCOLL=0 DRTY=0 INTL=0 PORTSEL=0 LTR=0
              MENDECL=0 DAPC=0 DLNKTST=0 DRCVPV=0 DRCVBC=0 PROM=0
CSR46=0x0000: POLL=0x0000 (Poll Time Counter)
CSR47=0x0000: POLLINT=0x0000 (Poll Time Interval)
CSR58=0x0200: SWSTYLE=0 C-LANCE / PCnet-ISA SSIZE32=0 CSRPCNET=1 APERRENT=0
CSR112=0000: MFC=0000 (Missed receive Frame Count)
CSR122=0000: RCVALGN=0000 (Receive Frame Align)
CSR124=0000: RPA=0000 (Runt Packet Accept)
RCVRL=0001 RCVRC=0001  GCRDRA=0 
CRDA=00000000 CRBA=00000000 CRBC=000 CRST=0000
NRDA=00000000 NRBA=00000000 NRBC=000 NRST=0000
NNRDA=00000000
XMTRL=0001 XMTRC=0001  GCTDRA=00000000 BADX=00000000
PXDA=00000000               PXBC=000 PXST=0000
CXDA=00000000 CXBA=00000000 CXBC=000 CXST=0000
NXDA=00000000 NXBA=00000000 NXBC=000 NXST=0000
NNXDA=00000000
!!
!! {pdmtracingids}
!!
Device tracing IDs:
00001  pcarch
00002  pcbios
00003  pci
00004  pckbd
00005  apic
00006  i8259
00007  i8254
00008  mc146818
00009  8237A
00010  VMMDev
00011  vga
00012  ahci
00013  piix3ide
00014  pcnet
00015  ichac97
00016  usb-ohci
00017  acpi
USB device tracing IDs:
Driver tracing IDs:
01025  KeyboardQueue (level 0, lun 0, dev pckbd)
01026  MainKeyboard (level 1, lun 0, dev pckbd)
01027  MouseQueue (level 0, lun 1, dev pckbd)
01028  MainMouse (level 1, lun 1, dev pckbd)
01029  HGCM (level 0, lun 0, dev VMMDev)
01030  MainStatus (level 0, lun 999, dev VMMDev)
01031  MainDisplay (level 0, lun 0, dev vga)
01032  MainStatus (level 0, lun 999, dev vga)
01033  Block (level 0, lun 0, dev ahci)
01034  VD (level 1, lun 0, dev ahci)
01035  MainStatus (level 0, lun 999, dev ahci)
01036  MainStatus (level 0, lun 999, dev piix3ide)
01037  Block (level 0, lun 0, dev piix3ide)
01038  VD (level 1, lun 0, dev piix3ide)
01039  MainStatus (level 0, lun 999, dev pcnet)
01040  NAT (level 0, lun 0, dev pcnet)
01041  AUDIO (level 0, lun 0, dev ichac97)
01042  PulseAudio (level 1, lun 0, dev ichac97)
01043  AUDIO (level 0, lun 1, dev ichac97)
01044  AudioVRDE (level 1, lun 1, dev ichac97)
01045  VUSBRootHub (level 0, lun 0, dev usb-ohci)
01046  MainStatus (level 0, lun 999, dev usb-ohci)
01047  ACPIHost (level 0, lun 0, dev acpi)
!!
!! {phys}
!!
RAM ranges (pVM=00007fd319a68000)
GC Phys Range                     pvHC            
0000000000000000-000000003fffffff 0000000000000000 Base RAM
00000000e0000000-00000000e04fffff 00007fd309c6f000 VRam
00000000f0000000-00000000f0000fff 0000000000000000 PCNet
00000000f0400000-00000000f07fffff 00007fd30a379000 VMMDev
00000000f0800000-00000000f0803fff 00007fd33ebd9000 VMMDev Heap
00000000f0804000-00000000f0804fff 0000000000000000 USB OHCI
00000000f0806000-00000000f0807fff 0000000000000000 AHCI
00000000fee00000-00000000fee00fff 0000000000000000 APIC Memory
00000000ffff0000-00000000ffffffff 0000000000000000 PC BIOS - 0xffffffff
!!
!! {pic}
!!
PIC0:
 IMR :b8 ISR   :00 IRR   :01 LIRR:01
 Base:08 PriAdd:00 RegSel:01
 Poll:00 SpMask:00 IState:00
 AEOI:00 Rotate:00 FNest :00 Ini4:01
 ELCR:00 ELMask:f8
PIC1:
 IMR :8f ISR   :00 IRR   :00 LIRR:00
 Base:70 PriAdd:00 RegSel:00
 Poll:00 SpMask:00 IState:00
 AEOI:00 Rotate:00 FNest :00 Ini4:01
 ELCR:0e ELMask:de
!!
!! {pit}
!!
PIT (i8254) channel 0 status: irq=0x0
      count=00010000  latched_count=0000  count_latched=00
           status=00   status_latched=00     read_state=03
      write_state=03      write_latch=00        rw_mode=03
             mode=02              bcd=00           gate=01
  count_load_time=0000000098e9734b next_transition_time=00000000a601d4b0
      u64ReloadTS=00000000a2bbbc57            u64NextTS=00000000a601d4b0
PIT (i8254) channel 1 status: irq=0x0
      count=00010000  latched_count=0000  count_latched=00
           status=00   status_latched=00     read_state=00
      write_state=00      write_latch=00        rw_mode=00
             mode=03              bcd=00           gate=01
  count_load_time=0000000000000000 next_transition_time=0000000000000000
      u64ReloadTS=0000000000000000            u64NextTS=ffffffffffffffff
PIT (i8254) channel 2 status: irq=0x0
      count=0000ffff  latched_count=0000  count_latched=00
           status=00   status_latched=00     read_state=03
      write_state=03      write_latch=ff        rw_mode=03
             mode=00              bcd=00           gate=00
  count_load_time=000000009a5391d8 next_transition_time=0000000000000000
      u64ReloadTS=000000009a5391d8            u64NextTS=ffffffffffffffff
speaker_data_on=0x0
!!
!! {plugins}
!!
No plug-ins loaded
!!
!! {ps2k}
!!
PS/2 Keyboard: scan set 2, scanning enabled
Active command 00
LED state 00, Num Lock off
Typematic delay 500ms, repeat period 91ms
Command queue: 0 items (4 max)
Input queue  : 0 items (64 max)
!!
!! {ps2m}
!!
PS/2 mouse state: normal, stream mode, reporting disabled
Protocol: PS/2, scaling 1:1
Active command 00
Sampling rate 100 reports/sec, resolution 4 counts/mm
Command queue: 0 items (8 max)
Event queue  : 0 items (256 max)
!!
!! {rtc}
!!
Time: 15:04:03  Date: 16-09-08
REG A=26 B=02 C=00 D=80
!!
!! {tracebuf}
!!
Tracing is disable
!!
!! {vbe}
!!
LFB at 00000000e0000000
VBE disabled
!!
!! {vga}
!!
pixel clock: 28.322 MHz
double scanning off
double clocking off
htotal: 900 px (100 cclk)
vtotal: 449 px
hdisp : 720 px (80 cclk)
vdisp : 400 px
split : 1023 ln
start : 0x0
char height 16
text mode 80x25
cbLine:   0x280
offStart: 0x0 (line 0x0)
display refresh interval: 20 ms
!!
!! {vgaar}
!!
VGA Attribute Controller (3C0): index reg 20, flip-flop: 0 (index)
 Palette: 00 01 02 03 04 05 14 07 38 39 3A 3B 3C 3D 3E 3F
 AR10:0C AR11:00 AR12:0F AR13:08 AR14:00
!!
!! {vgacr}
!!
VGA CRTC (3D5): CRTC index 3D4:0E
 CR00:5F CR01:4F CR02:50 CR03:82 CR04:55 CR05:81 CR06:BF CR07:1F CR08:00 CR09:4F
 CR0A:20 CR0B:00 CR0C:00 CR0D:00 CR0E:02 CR0F:81 CR10:9C CR11:8E CR12:8F CR13:28
 CR14:1F CR15:96 CR16:B9 CR17:A3 CR18:FF
!!
!! {vgadac}
!!
VGA DAC contents:
 00: 00 00 00
 01: 00 00 2A
 02: 00 2A 00
 03: 00 2A 2A
 04: 2A 00 00
 05: 2A 00 2A
 06: 2A 2A 00
 07: 2A 2A 2A
 08: 00 00 15
 09: 00 00 3F
 0A: 00 2A 15
 0B: 00 2A 3F
 0C: 2A 00 15
 0D: 2A 00 3F
 0E: 2A 2A 15
 0F: 2A 2A 3F
 10: 00 15 00
 11: 00 15 2A
 12: 00 3F 00
 13: 00 3F 2A
 14: 2A 15 00
 15: 2A 15 2A
 16: 2A 3F 00
 17: 2A 3F 2A
 18: 00 15 15
 19: 00 15 3F
 1A: 00 3F 15
 1B: 00 3F 3F
 1C: 2A 15 15
 1D: 2A 15 3F
 1E: 2A 3F 15
 1F: 2A 3F 3F
 20: 15 00 00
 21: 15 00 2A
 22: 15 2A 00
 23: 15 2A 2A
 24: 3F 00 00
 25: 3F 00 2A
 26: 3F 2A 00
 27: 3F 2A 2A
 28: 15 00 15
 29: 15 00 3F
 2A: 15 2A 15
 2B: 15 2A 3F
 2C: 3F 00 15
 2D: 3F 00 3F
 2E: 3F 2A 15
 2F: 3F 2A 3F
 30: 15 15 00
 31: 15 15 2A
 32: 15 3F 00
 33: 15 3F 2A
 34: 3F 15 00
 35: 3F 15 2A
 36: 3F 3F 00
 37: 3F 3F 2A
 38: 15 15 15
 39: 15 15 3F
 3A: 15 3F 15
 3B: 15 3F 3F
 3C: 3F 15 15
 3D: 3F 15 3F
 3E: 3F 3F 15
 3F: 3F 3F 3F
 40: 00 00 00
 41: 00 00 00
 42: 00 00 00
 43: 00 00 00
 44: 00 00 00
 45: 00 00 00
 46: 00 00 00
 47: 00 00 00
 48: 00 00 00
 49: 00 00 00
 4A: 00 00 00
 4B: 00 00 00
 4C: 00 00 00
 4D: 00 00 00
 4E: 00 00 00
 4F: 00 00 00
 50: 00 00 00
 51: 00 00 00
 52: 00 00 00
 53: 00 00 00
 54: 00 00 00
 55: 00 00 00
 56: 00 00 00
 57: 00 00 00
 58: 00 00 00
 59: 00 00 00
 5A: 00 00 00
 5B: 00 00 00
 5C: 00 00 00
 5D: 00 00 00
 5E: 00 00 00
 5F: 00 00 00
 60: 00 00 00
 61: 00 00 00
 62: 00 00 00
 63: 00 00 00
 64: 00 00 00
 65: 00 00 00
 66: 00 00 00
 67: 00 00 00
 68: 00 00 00
 69: 00 00 00
 6A: 00 00 00
 6B: 00 00 00
 6C: 00 00 00
 6D: 00 00 00
 6E: 00 00 00
 6F: 00 00 00
 70: 00 00 00
 71: 00 00 00
 72: 00 00 00
 73: 00 00 00
 74: 00 00 00
 75: 00 00 00
 76: 00 00 00
 77: 00 00 00
 78: 00 00 00
 79: 00 00 00
 7A: 00 00 00
 7B: 00 00 00
 7C: 00 00 00
 7D: 00 00 00
 7E: 00 00 00
 7F: 00 00 00
 80: 00 00 00
 81: 00 00 00
 82: 00 00 00
 83: 00 00 00
 84: 00 00 00
 85: 00 00 00
 86: 00 00 00
 87: 00 00 00
 88: 00 00 00
 89: 00 00 00
 8A: 00 00 00
 8B: 00 00 00
 8C: 00 00 00
 8D: 00 00 00
 8E: 00 00 00
 8F: 00 00 00
 90: 00 00 00
 91: 00 00 00
 92: 00 00 00
 93: 00 00 00
 94: 00 00 00
 95: 00 00 00
 96: 00 00 00
 97: 00 00 00
 98: 00 00 00
 99: 00 00 00
 9A: 00 00 00
 9B: 00 00 00
 9C: 00 00 00
 9D: 00 00 00
 9E: 00 00 00
 9F: 00 00 00
 A0: 00 00 00
 A1: 00 00 00
 A2: 00 00 00
 A3: 00 00 00
 A4: 00 00 00
 A5: 00 00 00
 A6: 00 00 00
 A7: 00 00 00
 A8: 00 00 00
 A9: 00 00 00
 AA: 00 00 00
 AB: 00 00 00
 AC: 00 00 00
 AD: 00 00 00
 AE: 00 00 00
 AF: 00 00 00
 B0: 00 00 00
 B1: 00 00 00
 B2: 00 00 00
 B3: 00 00 00
 B4: 00 00 00
 B5: 00 00 00
 B6: 00 00 00
 B7: 00 00 00
 B8: 00 00 00
 B9: 00 00 00
 BA: 00 00 00
 BB: 00 00 00
 BC: 00 00 00
 BD: 00 00 00
 BE: 00 00 00
 BF: 00 00 00
 C0: 00 00 00
 C1: 00 00 00
 C2: 00 00 00
 C3: 00 00 00
 C4: 00 00 00
 C5: 00 00 00
 C6: 00 00 00
 C7: 00 00 00
 C8: 00 00 00
 C9: 00 00 00
 CA: 00 00 00
 CB: 00 00 00
 CC: 00 00 00
 CD: 00 00 00
 CE: 00 00 00
 CF: 00 00 00
 D0: 00 00 00
 D1: 00 00 00
 D2: 00 00 00
 D3: 00 00 00
 D4: 00 00 00
 D5: 00 00 00
 D6: 00 00 00
 D7: 00 00 00
 D8: 00 00 00
 D9: 00 00 00
 DA: 00 00 00
 DB: 00 00 00
 DC: 00 00 00
 DD: 00 00 00
 DE: 00 00 00
 DF: 00 00 00
 E0: 00 00 00
 E1: 00 00 00
 E2: 00 00 00
 E3: 00 00 00
 E4: 00 00 00
 E5: 00 00 00
 E6: 00 00 00
 E7: 00 00 00
 E8: 00 00 00
 E9: 00 00 00
 EA: 00 00 00
 EB: 00 00 00
 EC: 00 00 00
 ED: 00 00 00
 EE: 00 00 00
 EF: 00 00 00
 F0: 00 00 00
 F1: 00 00 00
 F2: 00 00 00
 F3: 00 00 00
 F4: 00 00 00
 F5: 00 00 00
 F6: 00 00 00
 F7: 00 00 00
 F8: 00 00 00
 F9: 00 00 00
 FA: 00 00 00
 FB: 00 00 00
 FC: 00 00 00
 FD: 00 00 00
 FE: 00 00 00
 FF: 00 00 00
!!
!! {vgagr}
!!
VGA Graphics Controller (3CF): GR index 3CE:05
 GR00:00 GR01:00 GR02:00 GR03:00 GR04:00 GR05:10 GR06:0E GR07:0F GR08:FF
!!
!! {vgapl}
!!
read mode     : 0     write mode: 0
set/reset data: 00    S/R enable: 00
color compare : 00    read map  : 0
rotate        : 0     function  : 0
don't care    : 0F    bit mask  : FF
seq plane mask: 03    chain-4   : off
!!
!! {vgasr}
!!
VGA Sequencer (3C5): SR index 3C4:03
 SR00:03 SR01:00 SR02:03 SR03:00 SR04:02
!!
!! {vgatext}
!!
------------------------------------ 80x25 -------------------------------------
Loading new IDT and gdt                                                         
[IDT 128] Inserted                                                              
[GDT 0] Inserted                                                                
[GDT 1] Inserted                                                                
[GDT 2] Inserted                                                                
Done!                                                                           
Int 0x80                                                                        
Bad kernel call                                                                 
                                                                                
                                                                                
                                                                                
                                                                                
                                                                                
                                                                                
                                                                                
                                                                                
                                                                                
                                                                                
                                                                                
                                                                                
                                                                                
                                                                                
                                                                                
                                                                                
                                                                                
--------------------------------------------------------------------------------
!!!!!!!!!!!!!!!!!!!!!!!!!!!!!!!!!!!!!!!!!!!!!!!!!!!!!!!!!!!!!!!!!!!!!!
